1764202347.765082 client started (29839): version 3.5a, socket /private/tmp/tmux-501/default, protocol 8
1764202347.765175 on Darwin 25.1.0 Darwin Kernel Version 25.1.0: Mon Oct 20 19:34:05 PDT 2025; root:xnu-12377.41.6~2/RELEASE_ARM64_T6041
1764202347.765188 using libevent 2.1.12-stable select
1764202347.765564 using utf8proc 2.11.0
1764202347.765581 using ncurses 6.5 20240427
1764202347.765598 flags are 0x10010000
1764202347.765606 socket is /private/tmp/tmux-501/default
1764202347.765620 trying connect
1764202347.765668 add peer 0xac2400000: 6 (0x0)
1764202347.767297 sending message 111 to peer 0xac2400000 (8 bytes)
1764202347.767308 sending message 111 to peer 0xac2400000 (8 bytes)
1764202347.767314 sending message 101 to peer 0xac2400000 (14 bytes)
1764202347.767320 sending message 109 to peer 0xac2400000 (4 bytes)
1764202347.767325 sending message 102 to peer 0xac2400000 (13 bytes)
1764202347.767331 sending message 108 to peer 0xac2400000 (31 bytes)
1764202347.767336 sending message 112 to peer 0xac2400000 (70 bytes)
1764202347.767342 sending message 112 to peer 0xac2400000 (5 bytes)
1764202347.767347 sending message 112 to peer 0xac2400000 (5 bytes)
1764202347.767354 sending message 112 to peer 0xac2400000 (6 bytes)
1764202347.767360 sending message 112 to peer 0xac2400000 (6 bytes)
1764202347.767366 sending message 112 to peer 0xac2400000 (11 bytes)
1764202347.767371 sending message 112 to peer 0xac2400000 (10 bytes)
1764202347.767376 sending message 112 to peer 0xac2400000 (13 bytes)
1764202347.767381 sending message 112 to peer 0xac2400000 (14 bytes)
1764202347.767386 sending message 112 to peer 0xac2400000 (9 bytes)
1764202347.767392 sending message 112 to peer 0xac2400000 (21 bytes)
1764202347.767397 sending message 112 to peer 0xac2400000 (19 bytes)
1764202347.767402 sending message 112 to peer 0xac2400000 (11 bytes)
1764202347.767407 sending message 112 to peer 0xac2400000 (21 bytes)
1764202347.767412 sending message 112 to peer 0xac2400000 (13 bytes)
1764202347.767417 sending message 112 to peer 0xac2400000 (7 bytes)
1764202347.767422 sending message 112 to peer 0xac2400000 (13 bytes)
1764202347.767427 sending message 112 to peer 0xac2400000 (7 bytes)
1764202347.767432 sending message 112 to peer 0xac2400000 (13 bytes)
1764202347.767438 sending message 112 to peer 0xac2400000 (9 bytes)
1764202347.767444 sending message 112 to peer 0xac2400000 (21 bytes)
1764202347.767449 sending message 112 to peer 0xac2400000 (13 bytes)
1764202347.767454 sending message 112 to peer 0xac2400000 (9 bytes)
1764202347.767460 sending message 112 to peer 0xac2400000 (16 bytes)
1764202347.767466 sending message 112 to peer 0xac2400000 (13 bytes)
1764202347.767471 sending message 112 to peer 0xac2400000 (9 bytes)
1764202347.767477 sending message 112 to peer 0xac2400000 (9 bytes)
1764202347.767482 sending message 112 to peer 0xac2400000 (12 bytes)
1764202347.767489 sending message 112 to peer 0xac2400000 (8 bytes)
1764202347.767494 sending message 112 to peer 0xac2400000 (12 bytes)
1764202347.767500 sending message 112 to peer 0xac2400000 (8 bytes)
1764202347.767505 sending message 112 to peer 0xac2400000 (13 bytes)
1764202347.767510 sending message 112 to peer 0xac2400000 (7 bytes)
1764202347.767515 sending message 112 to peer 0xac2400000 (7 bytes)
1764202347.767520 sending message 112 to peer 0xac2400000 (9 bytes)
1764202347.767526 sending message 112 to peer 0xac2400000 (12 bytes)
1764202347.767531 sending message 112 to peer 0xac2400000 (6 bytes)
1764202347.767536 sending message 112 to peer 0xac2400000 (9 bytes)
1764202347.767541 sending message 112 to peer 0xac2400000 (15 bytes)
1764202347.767546 sending message 112 to peer 0xac2400000 (13 bytes)
1764202347.767551 sending message 112 to peer 0xac2400000 (9 bytes)
1764202347.767556 sending message 112 to peer 0xac2400000 (12 bytes)
1764202347.767564 sending message 112 to peer 0xac2400000 (8 bytes)
1764202347.767569 sending message 112 to peer 0xac2400000 (14 bytes)
1764202347.767574 sending message 112 to peer 0xac2400000 (11 bytes)
1764202347.767579 sending message 112 to peer 0xac2400000 (9 bytes)
1764202347.767591 sending message 112 to peer 0xac2400000 (10 bytes)
1764202347.767596 sending message 112 to peer 0xac2400000 (10 bytes)
1764202347.767601 sending message 112 to peer 0xac2400000 (10 bytes)
1764202347.767605 sending message 112 to peer 0xac2400000 (10 bytes)
1764202347.767609 sending message 112 to peer 0xac2400000 (11 bytes)
1764202347.767613 sending message 112 to peer 0xac2400000 (12 bytes)
1764202347.767617 sending message 112 to peer 0xac2400000 (12 bytes)
1764202347.767621 sending message 112 to peer 0xac2400000 (12 bytes)
1764202347.767625 sending message 112 to peer 0xac2400000 (12 bytes)
1764202347.767629 sending message 112 to peer 0xac2400000 (12 bytes)
1764202347.767635 sending message 112 to peer 0xac2400000 (11 bytes)
1764202347.767639 sending message 112 to peer 0xac2400000 (11 bytes)
1764202347.767643 sending message 112 to peer 0xac2400000 (12 bytes)
1764202347.767647 sending message 112 to peer 0xac2400000 (12 bytes)
1764202347.767651 sending message 112 to peer 0xac2400000 (12 bytes)
1764202347.767655 sending message 112 to peer 0xac2400000 (12 bytes)
1764202347.767659 sending message 112 to peer 0xac2400000 (12 bytes)
1764202347.767663 sending message 112 to peer 0xac2400000 (9 bytes)
1764202347.767667 sending message 112 to peer 0xac2400000 (12 bytes)
1764202347.767672 sending message 112 to peer 0xac2400000 (13 bytes)
1764202347.767676 sending message 112 to peer 0xac2400000 (13 bytes)
1764202347.767680 sending message 112 to peer 0xac2400000 (13 bytes)
1764202347.767684 sending message 112 to peer 0xac2400000 (13 bytes)
1764202347.767688 sending message 112 to peer 0xac2400000 (13 bytes)
1764202347.767692 sending message 112 to peer 0xac2400000 (8 bytes)
1764202347.767696 sending message 112 to peer 0xac2400000 (11 bytes)
1764202347.767700 sending message 112 to peer 0xac2400000 (11 bytes)
1764202347.767704 sending message 112 to peer 0xac2400000 (11 bytes)
1764202347.767708 sending message 112 to peer 0xac2400000 (12 bytes)
1764202347.767712 sending message 112 to peer 0xac2400000 (12 bytes)
1764202347.767716 sending message 112 to peer 0xac2400000 (12 bytes)
1764202347.767720 sending message 112 to peer 0xac2400000 (12 bytes)
1764202347.767724 sending message 112 to peer 0xac2400000 (13 bytes)
1764202347.767728 sending message 112 to peer 0xac2400000 (13 bytes)
1764202347.767732 sending message 112 to peer 0xac2400000 (13 bytes)
1764202347.767736 sending message 112 to peer 0xac2400000 (8 bytes)
1764202347.767740 sending message 112 to peer 0xac2400000 (13 bytes)
1764202347.767744 sending message 112 to peer 0xac2400000 (13 bytes)
1764202347.767747 sending message 112 to peer 0xac2400000 (13 bytes)
1764202347.767751 sending message 112 to peer 0xac2400000 (13 bytes)
1764202347.767755 sending message 112 to peer 0xac2400000 (13 bytes)
1764202347.767759 sending message 112 to peer 0xac2400000 (12 bytes)
1764202347.767763 sending message 112 to peer 0xac2400000 (12 bytes)
1764202347.767767 sending message 112 to peer 0xac2400000 (12 bytes)
1764202347.767771 sending message 112 to peer 0xac2400000 (12 bytes)
1764202347.767775 sending message 112 to peer 0xac2400000 (13 bytes)
1764202347.767779 sending message 112 to peer 0xac2400000 (8 bytes)
1764202347.767783 sending message 112 to peer 0xac2400000 (13 bytes)
1764202347.767787 sending message 112 to peer 0xac2400000 (13 bytes)
1764202347.767791 sending message 112 to peer 0xac2400000 (13 bytes)
1764202347.767794 sending message 112 to peer 0xac2400000 (13 bytes)
1764202347.767798 sending message 112 to peer 0xac2400000 (13 bytes)
1764202347.767802 sending message 112 to peer 0xac2400000 (13 bytes)
1764202347.767806 sending message 112 to peer 0xac2400000 (13 bytes)
1764202347.767810 sending message 112 to peer 0xac2400000 (12 bytes)
1764202347.767814 sending message 112 to peer 0xac2400000 (12 bytes)
1764202347.767818 sending message 112 to peer 0xac2400000 (12 bytes)
1764202347.767822 sending message 112 to peer 0xac2400000 (8 bytes)
1764202347.767826 sending message 112 to peer 0xac2400000 (12 bytes)
1764202347.767829 sending message 112 to peer 0xac2400000 (13 bytes)
1764202347.767839 sending message 112 to peer 0xac2400000 (13 bytes)
1764202347.767843 sending message 112 to peer 0xac2400000 (13 bytes)
1764202347.767847 sending message 112 to peer 0xac2400000 (13 bytes)
1764202347.767851 sending message 112 to peer 0xac2400000 (13 bytes)
1764202347.767854 sending message 112 to peer 0xac2400000 (13 bytes)
1764202347.767858 sending message 112 to peer 0xac2400000 (13 bytes)
1764202347.767862 sending message 112 to peer 0xac2400000 (13 bytes)
1764202347.767866 sending message 112 to peer 0xac2400000 (12 bytes)
1764202347.767870 sending message 112 to peer 0xac2400000 (10 bytes)
1764202347.767874 sending message 112 to peer 0xac2400000 (12 bytes)
1764202347.767878 sending message 112 to peer 0xac2400000 (12 bytes)
1764202347.767882 sending message 112 to peer 0xac2400000 (12 bytes)
1764202347.767886 sending message 112 to peer 0xac2400000 (13 bytes)
1764202347.767889 sending message 112 to peer 0xac2400000 (13 bytes)
1764202347.767893 sending message 112 to peer 0xac2400000 (13 bytes)
1764202347.767897 sending message 112 to peer 0xac2400000 (13 bytes)
1764202347.767901 sending message 112 to peer 0xac2400000 (13 bytes)
1764202347.767905 sending message 112 to peer 0xac2400000 (13 bytes)
1764202347.767909 sending message 112 to peer 0xac2400000 (13 bytes)
1764202347.767913 sending message 112 to peer 0xac2400000 (10 bytes)
1764202347.767917 sending message 112 to peer 0xac2400000 (13 bytes)
1764202347.767921 sending message 112 to peer 0xac2400000 (12 bytes)
1764202347.767925 sending message 112 to peer 0xac2400000 (12 bytes)
1764202347.767929 sending message 112 to peer 0xac2400000 (12 bytes)
1764202347.767932 sending message 112 to peer 0xac2400000 (10 bytes)
1764202347.767936 sending message 112 to peer 0xac2400000 (10 bytes)
1764202347.767940 sending message 112 to peer 0xac2400000 (10 bytes)
1764202347.767944 sending message 112 to peer 0xac2400000 (12 bytes)
1764202347.767948 sending message 112 to peer 0xac2400000 (13 bytes)
1764202347.767954 sending message 112 to peer 0xac2400000 (13 bytes)
1764202347.767958 sending message 112 to peer 0xac2400000 (13 bytes)
1764202347.767962 sending message 112 to peer 0xac2400000 (13 bytes)
1764202347.767966 sending message 112 to peer 0xac2400000 (13 bytes)
1764202347.767970 sending message 112 to peer 0xac2400000 (10 bytes)
1764202347.767974 sending message 112 to peer 0xac2400000 (11 bytes)
1764202347.767978 sending message 112 to peer 0xac2400000 (12 bytes)
1764202347.767982 sending message 112 to peer 0xac2400000 (12 bytes)
1764202347.767986 sending message 112 to peer 0xac2400000 (12 bytes)
1764202347.767991 sending message 112 to peer 0xac2400000 (12 bytes)
1764202347.767995 sending message 112 to peer 0xac2400000 (12 bytes)
1764202347.767999 sending message 112 to peer 0xac2400000 (11 bytes)
1764202347.768003 sending message 112 to peer 0xac2400000 (12 bytes)
1764202347.768006 sending message 112 to peer 0xac2400000 (12 bytes)
1764202347.768010 sending message 112 to peer 0xac2400000 (13 bytes)
1764202347.768014 sending message 112 to peer 0xac2400000 (13 bytes)
1764202347.768018 sending message 112 to peer 0xac2400000 (13 bytes)
1764202347.768022 sending message 112 to peer 0xac2400000 (13 bytes)
1764202347.768026 sending message 112 to peer 0xac2400000 (13 bytes)
1764202347.768030 sending message 112 to peer 0xac2400000 (10 bytes)
1764202347.768033 sending message 112 to peer 0xac2400000 (9 bytes)
1764202347.768037 sending message 112 to peer 0xac2400000 (12 bytes)
1764202347.768041 sending message 112 to peer 0xac2400000 (13 bytes)
1764202347.768045 sending message 112 to peer 0xac2400000 (13 bytes)
1764202347.768049 sending message 112 to peer 0xac2400000 (13 bytes)
1764202347.768053 sending message 112 to peer 0xac2400000 (13 bytes)
1764202347.768057 sending message 112 to peer 0xac2400000 (13 bytes)
1764202347.768061 sending message 112 to peer 0xac2400000 (9 bytes)
1764202347.768065 sending message 112 to peer 0xac2400000 (12 bytes)
1764202347.768068 sending message 112 to peer 0xac2400000 (13 bytes)
1764202347.768076 sending message 112 to peer 0xac2400000 (13 bytes)
1764202347.768080 sending message 112 to peer 0xac2400000 (13 bytes)
1764202347.768084 sending message 112 to peer 0xac2400000 (13 bytes)
1764202347.768088 sending message 112 to peer 0xac2400000 (13 bytes)
1764202347.768092 sending message 112 to peer 0xac2400000 (11 bytes)
1764202347.768096 sending message 112 to peer 0xac2400000 (12 bytes)
1764202347.768100 sending message 112 to peer 0xac2400000 (13 bytes)
1764202347.768104 sending message 112 to peer 0xac2400000 (13 bytes)
1764202347.768108 sending message 112 to peer 0xac2400000 (13 bytes)
1764202347.768112 sending message 112 to peer 0xac2400000 (13 bytes)
1764202347.768115 sending message 112 to peer 0xac2400000 (13 bytes)
1764202347.768119 sending message 112 to peer 0xac2400000 (11 bytes)
1764202347.768123 sending message 112 to peer 0xac2400000 (12 bytes)
1764202347.768127 sending message 112 to peer 0xac2400000 (12 bytes)
1764202347.768131 sending message 112 to peer 0xac2400000 (12 bytes)
1764202347.768135 sending message 112 to peer 0xac2400000 (12 bytes)
1764202347.768139 sending message 112 to peer 0xac2400000 (12 bytes)
1764202347.768143 sending message 112 to peer 0xac2400000 (21 bytes)
1764202347.768147 sending message 112 to peer 0xac2400000 (12 bytes)
1764202347.768150 sending message 112 to peer 0xac2400000 (9 bytes)
1764202347.768154 sending message 112 to peer 0xac2400000 (6 bytes)
1764202347.768158 sending message 112 to peer 0xac2400000 (13 bytes)
1764202347.768162 sending message 112 to peer 0xac2400000 (10 bytes)
1764202347.768166 sending message 112 to peer 0xac2400000 (15 bytes)
1764202347.768170 sending message 112 to peer 0xac2400000 (13 bytes)
1764202347.768174 sending message 112 to peer 0xac2400000 (9 bytes)
1764202347.768178 sending message 112 to peer 0xac2400000 (70 bytes)
1764202347.768182 sending message 112 to peer 0xac2400000 (69 bytes)
1764202347.768186 sending message 112 to peer 0xac2400000 (34 bytes)
1764202347.768189 sending message 112 to peer 0xac2400000 (34 bytes)
1764202347.768193 sending message 112 to peer 0xac2400000 (70 bytes)
1764202347.768197 sending message 112 to peer 0xac2400000 (12 bytes)
1764202347.768201 sending message 112 to peer 0xac2400000 (10 bytes)
1764202347.768205 sending message 112 to peer 0xac2400000 (10 bytes)
1764202347.768209 sending message 112 to peer 0xac2400000 (15 bytes)
1764202347.768213 sending message 112 to peer 0xac2400000 (13 bytes)
1764202347.768217 sending message 112 to peer 0xac2400000 (10 bytes)
1764202347.768221 sending message 112 to peer 0xac2400000 (10 bytes)
1764202347.768225 sending message 112 to peer 0xac2400000 (17 bytes)
1764202347.768228 sending message 112 to peer 0xac2400000 (10 bytes)
1764202347.768232 sending message 112 to peer 0xac2400000 (13 bytes)
1764202347.768236 sending message 112 to peer 0xac2400000 (32 bytes)
1764202347.768240 sending message 112 to peer 0xac2400000 (5 bytes)
1764202347.768244 sending message 112 to peer 0xac2400000 (9 bytes)
1764202347.768248 sending message 112 to peer 0xac2400000 (15 bytes)
1764202347.768252 sending message 112 to peer 0xac2400000 (5 bytes)
1764202347.768257 sending message 104 to peer 0xac2400000 (0 bytes)
1764202347.768263 sending message 110 to peer 0xac2400000 (0 bytes)
1764202347.768267 sending message 107 to peer 0xac2400000 (4 bytes)
1764202347.768271 sending message 105 to peer 0xac2400000 (13 bytes)
1764202347.768275 sending message 105 to peer 0xac2400000 (18 bytes)
1764202347.768279 sending message 105 to peer 0xac2400000 (10 bytes)
1764202347.768282 sending message 105 to peer 0xac2400000 (53 bytes)
1764202347.768287 sending message 105 to peer 0xac2400000 (57 bytes)
1764202347.768291 sending message 105 to peer 0xac2400000 (8 bytes)
1764202347.768295 sending message 105 to peer 0xac2400000 (30 bytes)
1764202347.768299 sending message 105 to peer 0xac2400000 (24 bytes)
1764202347.768302 sending message 105 to peer 0xac2400000 (17 bytes)
1764202347.768306 sending message 105 to peer 0xac2400000 (38 bytes)
1764202347.768318 sending message 105 to peer 0xac2400000 (14 bytes)
1764202347.768323 sending message 105 to peer 0xac2400000 (15 bytes)
1764202347.768327 sending message 105 to peer 0xac2400000 (18 bytes)
1764202347.768331 sending message 105 to peer 0xac2400000 (63 bytes)
1764202347.768335 sending message 105 to peer 0xac2400000 (28 bytes)
1764202347.768339 sending message 105 to peer 0xac2400000 (54 bytes)
1764202347.768343 sending message 105 to peer 0xac2400000 (19 bytes)
1764202347.768347 sending message 105 to peer 0xac2400000 (17 bytes)
1764202347.768351 sending message 105 to peer 0xac2400000 (89 bytes)
1764202347.768355 sending message 105 to peer 0xac2400000 (30 bytes)
1764202347.768359 sending message 105 to peer 0xac2400000 (37 bytes)
1764202347.768363 sending message 105 to peer 0xac2400000 (20 bytes)
1764202347.768367 sending message 105 to peer 0xac2400000 (19 bytes)
1764202347.768371 sending message 105 to peer 0xac2400000 (43 bytes)
1764202347.768375 sending message 105 to peer 0xac2400000 (42 bytes)
1764202347.768379 sending message 105 to peer 0xac2400000 (32 bytes)
1764202347.768382 sending message 105 to peer 0xac2400000 (55 bytes)
1764202347.768386 sending message 105 to peer 0xac2400000 (76 bytes)
1764202347.768393 sending message 105 to peer 0xac2400000 (68 bytes)
1764202347.768400 sending message 105 to peer 0xac2400000 (912 bytes)
1764202347.768404 sending message 105 to peer 0xac2400000 (52 bytes)
1764202347.768408 sending message 105 to peer 0xac2400000 (25 bytes)
1764202347.768414 sending message 105 to peer 0xac2400000 (27 bytes)
1764202347.768418 sending message 105 to peer 0xac2400000 (165 bytes)
1764202347.768423 sending message 105 to peer 0xac2400000 (20 bytes)
1764202347.768426 sending message 105 to peer 0xac2400000 (22 bytes)
1764202347.768430 sending message 105 to peer 0xac2400000 (70 bytes)
1764202347.768434 sending message 105 to peer 0xac2400000 (35 bytes)
1764202347.768438 sending message 105 to peer 0xac2400000 (80 bytes)
1764202347.768442 sending message 105 to peer 0xac2400000 (30 bytes)
1764202347.768446 sending message 105 to peer 0xac2400000 (32 bytes)
1764202347.768450 sending message 105 to peer 0xac2400000 (57 bytes)
1764202347.768454 sending message 105 to peer 0xac2400000 (26 bytes)
1764202347.768458 sending message 105 to peer 0xac2400000 (18 bytes)
1764202347.768462 sending message 105 to peer 0xac2400000 (35 bytes)
1764202347.768466 sending message 105 to peer 0xac2400000 (53 bytes)
1764202347.768470 sending message 105 to peer 0xac2400000 (42 bytes)
1764202347.768474 sending message 105 to peer 0xac2400000 (13 bytes)
1764202347.768478 sending message 105 to peer 0xac2400000 (75 bytes)
1764202347.768482 sending message 105 to peer 0xac2400000 (26 bytes)
1764202347.768486 sending message 105 to peer 0xac2400000 (45 bytes)
1764202347.768490 sending message 105 to peer 0xac2400000 (140 bytes)
1764202347.768494 sending message 105 to peer 0xac2400000 (37 bytes)
1764202347.768498 sending message 105 to peer 0xac2400000 (35 bytes)
1764202347.768502 sending message 105 to peer 0xac2400000 (19 bytes)
1764202347.768506 sending message 105 to peer 0xac2400000 (26 bytes)
1764202347.768510 sending message 105 to peer 0xac2400000 (67 bytes)
1764202347.768514 sending message 105 to peer 0xac2400000 (29 bytes)
1764202347.768517 sending message 105 to peer 0xac2400000 (36 bytes)
1764202347.768521 sending message 106 to peer 0xac2400000 (0 bytes)
1764202347.768572 sending message 200 to peer 0xac2400000 (4 bytes)
1764202347.768578 client loop enter
1764202347.768838 peer 0xac2400000 message 303
1764202347.768846 open write file 2 -
1764202347.768855 sending message 305 to peer 0xac2400000 (8 bytes)
1764202347.768868 write check file 2
1764202347.768911 peer 0xac2400000 message 304
1764202347.768918 write 58 to file 2
1764202347.768923 peer 0xac2400000 message 203
1764202347.768928 file 2 58 bytes left
1764202347.768941 write check file 2
1764202347.768947 client loop exit
